::1 - - [16/Oct/2020:11:29:51 +0000] "GET /api/users/createadmin HTTP/1.1" 304 -
::1 - - [16/Oct/2020:11:30:13 +0000] "GET /api/products HTTP/1.1" 304 -
::1 - - [16/Oct/2020:11:33:17 +0000] "POST /api/users/signin HTTP/1.1" 200 355
::1 - - [16/Oct/2020:11:33:58 +0000] "GET /api/orders HTTP/1.1" 200 1615
::1 - - [16/Oct/2020:11:34:12 +0000] "GET /api/orders/me HTTP/1.1" - -
::1 - - [16/Oct/2020:11:34:18 +0000] "GET /api/orders/mine HTTP/1.1" 200 1336
::1 - - [16/Oct/2020:11:36:18 +0000] "GET /api/orders/5f886f1c95c9186a43f8b51b HTTP/1.1" 200 440
::1 - - [16/Oct/2020:11:36:34 +0000] "PUT /api/orders/5f886f1c95c9186a43f8b51b/pay HTTP/1.1" 200 509
::1 - - [16/Oct/2020:11:44:45 +0000] "GET /api/orders/5f886f1c95c9186a43f8b51b HTTP/1.1" 200 475
::1 - - [16/Oct/2020:12:08:10 +0000] "POST /api/users/register HTTP/1.1" 200 341
::1 - - [16/Oct/2020:12:09:35 +0000] "DELETE /api/users/5f898d2aa665b62c79535c4e HTTP/1.1" 200 153
::1 - - [16/Oct/2020:12:48:29 +0000] "GET /api/users/ HTTP/1.1" 404 149
::1 - - [16/Oct/2020:12:49:13 +0000] "GET /api/products/ HTTP/1.1" 200 2
::1 - - [16/Oct/2020:12:49:21 +0000] "GET /api/orders/ HTTP/1.1" 200 2
::1 - - [17/Oct/2020:00:13:31 +0000] "GET /api-docs/ HTTP/1.1" 500 2285
::1 - - [17/Oct/2020:00:16:22 +0000] "GET /api-docs/ HTTP/1.1" 500 2285
::1 - - [17/Oct/2020:00:19:40 +0000] "GET /api-docs/ HTTP/1.1" 500 2285
::1 - - [17/Oct/2020:00:19:42 +0000] "GET /api-docs/ HTTP/1.1" 500 2285
::1 - - [17/Oct/2020:00:20:01 +0000] "GET /api-docs/ HTTP/1.1" 500 2285
::1 - - [17/Oct/2020:00:20:05 +0000] "GET /api-docs/ HTTP/1.1" 500 2285
::1 - - [17/Oct/2020:00:20:33 +0000] "GET /api-docs/ HTTP/1.1" 200 3253
::1 - - [17/Oct/2020:00:20:33 +0000] "GET /api-docs/swagger-ui.css HTTP/1.1" 304 -
::1 - - [17/Oct/2020:00:20:33 +0000] "GET /api-docs/swagger-ui-init.js HTTP/1.1" 200 6369
::1 - - [17/Oct/2020:00:20:33 +0000] "GET /api-docs/swagger-ui-standalone-preset.js HTTP/1.1" 304 -
::1 - - [17/Oct/2020:00:20:33 +0000] "GET /api-docs/swagger-ui-bundle.js HTTP/1.1" 200 1448844
::1 - - [17/Oct/2020:00:20:46 +0000] "GET /api/products HTTP/1.1" 200 2
::1 - - [17/Oct/2020:00:20:47 +0000] "GET /favicon.ico HTTP/1.1" 404 150
::1 - - [17/Oct/2020:00:22:10 +0000] "GET /api/orders HTTP/1.1" 401 32
::1 - - [17/Oct/2020:00:22:19 +0000] "GET /api/orders HTTP/1.1" 401 32
::1 - - [17/Oct/2020:00:57:42 +0000] "GET /api/products HTTP/1.1" 304 -
::1 - - [17/Oct/2020:14:34:06 +0000] "POST /api/orders/ HTTP/1.1" - -
::1 - - [17/Oct/2020:14:34:16 +0000] "POST /api/products/ HTTP/1.1" 201 235
::1 - - [17/Oct/2020:14:34:53 +0000] "POST /api/products/ HTTP/1.1" 201 237
::1 - - [17/Oct/2020:14:35:01 +0000] "GET /api/products/ HTTP/1.1" 200 393
